已經開始建置於 2011/5/17 下午 07:26:49。
     1>節點 2 (build 目標) 上的專案 "F:\國科會\NFCSRModule(C++)\NFCSRModule\NFCSRModule.vcxproj"。
     1>PrepareForBuild:
         正在建立目錄 "F:\國科會\NFCSRModule(C++)\Debug\"。
       InitializeBuildStatus:
         由於指定了 "AlwaysCreate"，因此正在建立 "Debug\NFCSRModule.unsuccessfulbuild"。
       ClCompile:
         c:\Program Files\Microsoft Visual Studio 10.0\VC\bin\CL.exe /c /ZI /nologo /W3 /WX- /Od /Oy- /D WIN32 /D _DEBUG /D _CONSOLE /D _UNICODE /D UNICODE /Gm /EHsc /RTC1 /MDd /GS /fp:precise /Zc:wchar_t /Zc:forScope /Fo"Debug\\" /Fd"Debug\vc100.pdb" /Gd /TP /analyze- /errorReport:prompt main.cpp
         main.cpp
     1>f:\國科會\nfcsrmodule(c++)\nfcsrmodule\main.cpp(107): warning C4101: 'err' : 未參考的區域變數
       ManifestResourceCompile:
         C:\Program Files\Microsoft SDKs\Windows\v7.0A\bin\rc.exe /nologo /fo"Debug\NFCSRModule.exe.embed.manifest.res" Debug\NFCSRModule_manifest.rc 
       Link:
         c:\Program Files\Microsoft Visual Studio 10.0\VC\bin\link.exe /ERRORREPORT:PROMPT /OUT:"F:\國科會\NFCSRModule(C++)\Debug\NFCSRModule.exe" /INCREMENTAL /NOLOGO kernel32.lib user32.lib gdi32.lib winspool.lib comdlg32.lib advapi32.lib shell32.lib ole32.lib oleaut32.lib uuid.lib odbc32.lib odbccp32.lib libnfc.lib kernel32.lib user32.lib gdi32.lib winspool.lib comdlg32.lib advapi32.lib shell32.lib ole32.lib oleaut32.lib uuid.lib odbc32.lib odbccp32.lib /MANIFEST /ManifestFile:"Debug\NFCSRModule.exe.intermediate.manifest" /MANIFESTUAC:"level='asInvoker' uiAccess='false'" /DEBUG /PDB:"F:\國科會\NFCSRModule(C++)\Debug\NFCSRModule.pdb" /SUBSYSTEM:CONSOLE /TLBID:1 /DYNAMICBASE /NXCOMPAT /IMPLIB:"F:\國科會\NFCSRModule(C++)\Debug\NFCSRModule.lib" /MACHINE:X86 Debug\NFCSRModule.exe.embed.manifest.res
         Debug\main.obj
       Manifest:
         C:\Program Files\Microsoft SDKs\Windows\v7.0A\bin\mt.exe /nologo /verbose /out:"Debug\NFCSRModule.exe.embed.manifest" /manifest Debug\NFCSRModule.exe.intermediate.manifest
         C:\Program Files\Microsoft SDKs\Windows\v7.0A\bin\rc.exe /nologo /fo"Debug\NFCSRModule.exe.embed.manifest.res" Debug\NFCSRModule_manifest.rc 
       LinkEmbedManifest:
         c:\Program Files\Microsoft Visual Studio 10.0\VC\bin\link.exe /ERRORREPORT:PROMPT /OUT:"F:\國科會\NFCSRModule(C++)\Debug\NFCSRModule.exe" /INCREMENTAL /NOLOGO kernel32.lib user32.lib gdi32.lib winspool.lib comdlg32.lib advapi32.lib shell32.lib ole32.lib oleaut32.lib uuid.lib odbc32.lib odbccp32.lib libnfc.lib kernel32.lib user32.lib gdi32.lib winspool.lib comdlg32.lib advapi32.lib shell32.lib ole32.lib oleaut32.lib uuid.lib odbc32.lib odbccp32.lib /MANIFEST /ManifestFile:"Debug\NFCSRModule.exe.intermediate.manifest" /MANIFESTUAC:"level='asInvoker' uiAccess='false'" /DEBUG /PDB:"F:\國科會\NFCSRModule(C++)\Debug\NFCSRModule.pdb" /SUBSYSTEM:CONSOLE /TLBID:1 /DYNAMICBASE /NXCOMPAT /IMPLIB:"F:\國科會\NFCSRModule(C++)\Debug\NFCSRModule.lib" /MACHINE:X86 Debug\NFCSRModule.exe.embed.manifest.res
         Debug\main.obj
         NFCSRModule.vcxproj -> F:\國科會\NFCSRModule(C++)\Debug\NFCSRModule.exe
       FinalizeBuildStatus:
         正在刪除檔案 "Debug\NFCSRModule.unsuccessfulbuild"。
         正在變更時間戳記 "Debug\NFCSRModule.lastbuildstate"。
     1>專案 "F:\國科會\NFCSRModule(C++)\NFCSRModule\NFCSRModule.vcxproj" (build 目標) 建置完成。

建置成功。

經過時間 00:00:14.46
